<?xml version="1.0" encoding="UTF-8"?>
<testng-results skipped="0" failed="0" total="1" passed="1">
  <reporter-output>
  </reporter-output>
  <suite name="Suite" duration-ms="11488" started-at="2020-05-07T10:00:16Z" finished-at="2020-05-07T10:00:28Z">
    <groups>
    </groups>
    <test name="Test" duration-ms="11488" started-at="2020-05-07T10:00:16Z" finished-at="2020-05-07T10:00:28Z">
      <class name="seleniumAutomation.Automation.NotificationTest">
        <test-method status="PASS" signature="init()[pri:0, instance:seleniumAutomation.Automation.NotificationTest@76b10754]" name="init" is-config="true" duration-ms="4987" started-at="2020-05-07T15:30:16Z" finished-at="2020-05-07T15:30:21Z">
          <reporter-output>
          </reporter-output>
        </test-method> <!-- init -->
        <test-method status="PASS" signature="test()[pri:0, instance:seleniumAutomation.Automation.NotificationTest@76b10754]" name="test" duration-ms="4650" started-at="2020-05-07T15:30:21Z" finished-at="2020-05-07T15:30:26Z">
          <reporter-output>
          </reporter-output>
        </test-method> <!-- test -->
        <test-method status="PASS" signature="teardown()[pri:0, instance:seleniumAutomation.Automation.NotificationTest@76b10754]" name="teardown" is-config="true" duration-ms="1834" started-at="2020-05-07T15:30:26Z" finished-at="2020-05-07T15:30:28Z">
          <reporter-output>
          </reporter-output>
        </test-method> <!-- teardown -->
      </class> <!-- seleniumAutomation.Automation.NotificationTest -->
    </test> <!-- Test -->
  </suite> <!-- Suite -->
</testng-results>
